{
  "uid" : "c6ddd8a0d5581e7d",
  "name" : "Elegir opcion elegir por tematica o por nivel -- @1.1 Opciones",
  "fullName" : "Juego del Ahorcado: Elegir opcion elegir por tematica o por nivel",
  "historyId" : "ecbd7a490a68e4a27e90e72bec992bfc",
  "time" : {
    "start" : 1700945585974,
    "stop" : 1700945586853,
    "duration" : 879
  },
  "status" : "broken",
  "statusMessage" : "selenium.common.exceptions.SessionNotCreatedException: Message: session not created: Chrome failed to start: exited normally.\n  (session not created: DevToolsActivePort file doesn't exist)\n  (The process started from chrome location /usr/bin/google-chrome is no longer running, so ChromeDriver is assuming that Chrome has crashed.)\nStacktrace:\n#0 0x556d5d64b5e3 <unknown>\n#1 0x556d5d30e0b7 <unknown>\n#2 0x556d5d344e55 <unknown>\n#3 0x556d5d341b81 <unknown>\n#4 0x556d5d38c47f <unknown>\n#5 0x556d5d382cc3 <unknown>\n#6 0x556d5d34e0e4 <unknown>\n#7 0x556d5d34f0ae <unknown>\n#8 0x556d5d611ce1 <unknown>\n#9 0x556d5d615b7e <unknown>\n#10 0x556d5d5ff4b5 <unknown>\n#11 0x556d5d6167d6 <unknown>\n#12 0x556d5d5e2dbf <unknown>\n#13 0x556d5d639748 <unknown>\n#14 0x556d5d639917 <unknown>\n#15 0x556d5d64a773 <unknown>\n#16 0x7f40d4294ac3 <unknown>\n\n",
  "statusTrace" : "  File \"/opt/hostedtoolcache/Python/3.11.2/x64/lib/python3.11/site-packages/behave/model.py\", line 1329, in run\n    match.run(runner.context)\n  File \"/opt/hostedtoolcache/Python/3.11.2/x64/lib/python3.11/site-packages/behave/matchers.py\", line 98, in run\n    self.func(context, *args, **kwargs)\n  File \"features/steps/ahorcado_steps.py\", line 31, in step_given\n    context.driver = webdriver.Chrome()\n                     ^^^^^^^^^^^^^^^^^^\n  File \"/opt/hostedtoolcache/Python/3.11.2/x64/lib/python3.11/site-packages/selenium/webdriver/chrome/webdriver.py\", line 45, in __init__\n    super().__init__(\n  File \"/opt/hostedtoolcache/Python/3.11.2/x64/lib/python3.11/site-packages/selenium/webdriver/chromium/webdriver.py\", line 56, in __init__\n    super().__init__(\n  File \"/opt/hostedtoolcache/Python/3.11.2/x64/lib/python3.11/site-packages/selenium/webdriver/remote/webdriver.py\", line 208, in __init__\n    self.start_session(capabilities)\n  File \"/opt/hostedtoolcache/Python/3.11.2/x64/lib/python3.11/site-packages/selenium/webdriver/remote/webdriver.py\", line 292, in start_session\n    response = self.execute(Command.NEW_SESSION, caps)[\"value\"]\n               ^^^^^^^^^^^^^^^^^^^^^^^^^^^^^^^^^^^^^^^\n  File \"/opt/hostedtoolcache/Python/3.11.2/x64/lib/python3.11/site-packages/selenium/webdriver/remote/webdriver.py\", line 347, in execute\n    self.error_handler.check_response(response)\n  File \"/opt/hostedtoolcache/Python/3.11.2/x64/lib/python3.11/site-packages/selenium/webdriver/remote/errorhandler.py\", line 229, in check_response\n    raise exception_class(message, screen, stacktrace)\n",
  "flaky" : false,
  "newFailed" : false,
  "beforeStages" : [ ],
  "testStage" : {
    "status" : "broken",
    "statusMessage" : "selenium.common.exceptions.SessionNotCreatedException: Message: session not created: Chrome failed to start: exited normally.\n  (session not created: DevToolsActivePort file doesn't exist)\n  (The process started from chrome location /usr/bin/google-chrome is no longer running, so ChromeDriver is assuming that Chrome has crashed.)\nStacktrace:\n#0 0x556d5d64b5e3 <unknown>\n#1 0x556d5d30e0b7 <unknown>\n#2 0x556d5d344e55 <unknown>\n#3 0x556d5d341b81 <unknown>\n#4 0x556d5d38c47f <unknown>\n#5 0x556d5d382cc3 <unknown>\n#6 0x556d5d34e0e4 <unknown>\n#7 0x556d5d34f0ae <unknown>\n#8 0x556d5d611ce1 <unknown>\n#9 0x556d5d615b7e <unknown>\n#10 0x556d5d5ff4b5 <unknown>\n#11 0x556d5d6167d6 <unknown>\n#12 0x556d5d5e2dbf <unknown>\n#13 0x556d5d639748 <unknown>\n#14 0x556d5d639917 <unknown>\n#15 0x556d5d64a773 <unknown>\n#16 0x7f40d4294ac3 <unknown>\n\n",
    "statusTrace" : "  File \"/opt/hostedtoolcache/Python/3.11.2/x64/lib/python3.11/site-packages/behave/model.py\", line 1329, in run\n    match.run(runner.context)\n  File \"/opt/hostedtoolcache/Python/3.11.2/x64/lib/python3.11/site-packages/behave/matchers.py\", line 98, in run\n    self.func(context, *args, **kwargs)\n  File \"features/steps/ahorcado_steps.py\", line 31, in step_given\n    context.driver = webdriver.Chrome()\n                     ^^^^^^^^^^^^^^^^^^\n  File \"/opt/hostedtoolcache/Python/3.11.2/x64/lib/python3.11/site-packages/selenium/webdriver/chrome/webdriver.py\", line 45, in __init__\n    super().__init__(\n  File \"/opt/hostedtoolcache/Python/3.11.2/x64/lib/python3.11/site-packages/selenium/webdriver/chromium/webdriver.py\", line 56, in __init__\n    super().__init__(\n  File \"/opt/hostedtoolcache/Python/3.11.2/x64/lib/python3.11/site-packages/selenium/webdriver/remote/webdriver.py\", line 208, in __init__\n    self.start_session(capabilities)\n  File \"/opt/hostedtoolcache/Python/3.11.2/x64/lib/python3.11/site-packages/selenium/webdriver/remote/webdriver.py\", line 292, in start_session\n    response = self.execute(Command.NEW_SESSION, caps)[\"value\"]\n               ^^^^^^^^^^^^^^^^^^^^^^^^^^^^^^^^^^^^^^^\n  File \"/opt/hostedtoolcache/Python/3.11.2/x64/lib/python3.11/site-packages/selenium/webdriver/remote/webdriver.py\", line 347, in execute\n    self.error_handler.check_response(response)\n  File \"/opt/hostedtoolcache/Python/3.11.2/x64/lib/python3.11/site-packages/selenium/webdriver/remote/errorhandler.py\", line 229, in check_response\n    raise exception_class(message, screen, stacktrace)\n",
    "steps" : [ {
      "name" : "Given Que estoy en la página del Juego del Ahorcado",
      "time" : {
        "start" : 1700945585974,
        "stop" : 1700945586852,
        "duration" : 878
      },
      "status" : "broken",
      "statusMessage" : "selenium.common.exceptions.SessionNotCreatedException: Message: session not created: Chrome failed to start: exited normally.\n  (session not created: DevToolsActivePort file doesn't exist)\n  (The process started from chrome location /usr/bin/google-chrome is no longer running, so ChromeDriver is assuming that Chrome has crashed.)\nStacktrace:\n#0 0x556d5d64b5e3 <unknown>\n#1 0x556d5d30e0b7 <unknown>\n#2 0x556d5d344e55 <unknown>\n#3 0x556d5d341b81 <unknown>\n#4 0x556d5d38c47f <unknown>\n#5 0x556d5d382cc3 <unknown>\n#6 0x556d5d34e0e4 <unknown>\n#7 0x556d5d34f0ae <unknown>\n#8 0x556d5d611ce1 <unknown>\n#9 0x556d5d615b7e <unknown>\n#10 0x556d5d5ff4b5 <unknown>\n#11 0x556d5d6167d6 <unknown>\n#12 0x556d5d5e2dbf <unknown>\n#13 0x556d5d639748 <unknown>\n#14 0x556d5d639917 <unknown>\n#15 0x556d5d64a773 <unknown>\n#16 0x7f40d4294ac3 <unknown>\n\n",
      "statusTrace" : "  File \"/opt/hostedtoolcache/Python/3.11.2/x64/lib/python3.11/site-packages/behave/model.py\", line 1329, in run\n    match.run(runner.context)\n  File \"/opt/hostedtoolcache/Python/3.11.2/x64/lib/python3.11/site-packages/behave/matchers.py\", line 98, in run\n    self.func(context, *args, **kwargs)\n  File \"features/steps/ahorcado_steps.py\", line 31, in step_given\n    context.driver = webdriver.Chrome()\n                     ^^^^^^^^^^^^^^^^^^\n  File \"/opt/hostedtoolcache/Python/3.11.2/x64/lib/python3.11/site-packages/selenium/webdriver/chrome/webdriver.py\", line 45, in __init__\n    super().__init__(\n  File \"/opt/hostedtoolcache/Python/3.11.2/x64/lib/python3.11/site-packages/selenium/webdriver/chromium/webdriver.py\", line 56, in __init__\n    super().__init__(\n  File \"/opt/hostedtoolcache/Python/3.11.2/x64/lib/python3.11/site-packages/selenium/webdriver/remote/webdriver.py\", line 208, in __init__\n    self.start_session(capabilities)\n  File \"/opt/hostedtoolcache/Python/3.11.2/x64/lib/python3.11/site-packages/selenium/webdriver/remote/webdriver.py\", line 292, in start_session\n    response = self.execute(Command.NEW_SESSION, caps)[\"value\"]\n               ^^^^^^^^^^^^^^^^^^^^^^^^^^^^^^^^^^^^^^^\n  File \"/opt/hostedtoolcache/Python/3.11.2/x64/lib/python3.11/site-packages/selenium/webdriver/remote/webdriver.py\", line 347, in execute\n    self.error_handler.check_response(response)\n  File \"/opt/hostedtoolcache/Python/3.11.2/x64/lib/python3.11/site-packages/selenium/webdriver/remote/errorhandler.py\", line 229, in check_response\n    raise exception_class(message, screen, stacktrace)\n",
      "steps" : [ ],
      "attachments" : [ ],
      "parameters" : [ ],
      "stepsCount" : 0,
      "attachmentsCount" : 0,
      "shouldDisplayMessage" : true,
      "hasContent" : true
    }, {
      "name" : "When Eligo \"Jugar por temáticas\"",
      "time" : {
        "start" : 1700945586853,
        "stop" : 1700945586853,
        "duration" : 0
      },
      "status" : "skipped",
      "steps" : [ ],
      "attachments" : [ ],
      "parameters" : [ ],
      "stepsCount" : 0,
      "attachmentsCount" : 0,
      "shouldDisplayMessage" : false,
      "hasContent" : false
    }, {
      "name" : "And Hago clic en el boton Continuar",
      "time" : {
        "start" : 1700945586853,
        "stop" : 1700945586853,
        "duration" : 0
      },
      "status" : "skipped",
      "steps" : [ ],
      "attachments" : [ ],
      "parameters" : [ ],
      "stepsCount" : 0,
      "attachmentsCount" : 0,
      "shouldDisplayMessage" : false,
      "hasContent" : false
    }, {
      "name" : "Then Deberia ser redirigido a la proxima pagina",
      "time" : {
        "start" : 1700945586853,
        "stop" : 1700945586853,
        "duration" : 0
      },
      "status" : "skipped",
      "steps" : [ ],
      "attachments" : [ ],
      "parameters" : [ ],
      "stepsCount" : 0,
      "attachmentsCount" : 0,
      "shouldDisplayMessage" : false,
      "hasContent" : false
    }, {
      "name" : "And Deberia ver el label \"Elegir temática:\"",
      "time" : {
        "start" : 1700945586853,
        "stop" : 1700945586853,
        "duration" : 0
      },
      "status" : "skipped",
      "steps" : [ ],
      "attachments" : [ ],
      "parameters" : [ ],
      "stepsCount" : 0,
      "attachmentsCount" : 0,
      "shouldDisplayMessage" : false,
      "hasContent" : false
    } ],
    "attachments" : [ ],
    "parameters" : [ ],
    "stepsCount" : 5,
    "attachmentsCount" : 0,
    "shouldDisplayMessage" : false,
    "hasContent" : true
  },
  "afterStages" : [ ],
  "labels" : [ {
    "name" : "severity",
    "value" : "normal"
  }, {
    "name" : "feature",
    "value" : "Juego del Ahorcado"
  }, {
    "name" : "framework",
    "value" : "behave"
  }, {
    "name" : "language",
    "value" : "cpython3"
  }, {
    "name" : "resultFormat",
    "value" : "allure2"
  } ],
  "parameters" : [ {
    "name" : "eleccion",
    "value" : "Elegir temática:"
  }, {
    "name" : "opcion",
    "value" : "Jugar por temáticas"
  } ],
  "links" : [ ],
  "hidden" : false,
  "retry" : false,
  "extra" : {
    "severity" : "normal",
    "retries" : [ {
      "uid" : "ce3b48b679dfe306",
      "status" : "broken",
      "statusDetails" : "selenium.common.exceptions.SessionNotCreatedException: Message: session not created: Chrome failed to start: exited normally.\n  (session not created: DevToolsActivePort file doesn't exist)\n  (The process started from chrome location /usr/bin/google-chrome is no longer running, so ChromeDriver is assuming that Chrome has crashed.)\nStacktrace:\n#0 0x563cbe10b5e3 <unknown>\n#1 0x563cbddce0b7 <unknown>\n#2 0x563cbde04e55 <unknown>\n#3 0x563cbde01b81 <unknown>\n#4 0x563cbde4c47f <unknown>\n#5 0x563cbde42cc3 <unknown>\n#6 0x563cbde0e0e4 <unknown>\n#7 0x563cbde0f0ae <unknown>\n#8 0x563cbe0d1ce1 <unknown>\n#9 0x563cbe0d5b7e <unknown>\n#10 0x563cbe0bf4b5 <unknown>\n#11 0x563cbe0d67d6 <unknown>\n#12 0x563cbe0a2dbf <unknown>\n#13 0x563cbe0f9748 <unknown>\n#14 0x563cbe0f9917 <unknown>\n#15 0x563cbe10a773 <unknown>\n#16 0x7fc347894ac3 <unknown>\n\n",
      "time" : {
        "start" : 1700945424536,
        "stop" : 1700945435539,
        "duration" : 11003
      }
    }, {
      "uid" : "6a74f6514810c7b9",
      "status" : "broken",
      "statusDetails" : "selenium.common.exceptions.SessionNotCreatedException: Message: session not created: Chrome failed to start: exited normally.\n  (session not created: DevToolsActivePort file doesn't exist)\n  (The process started from chrome location /usr/bin/google-chrome is no longer running, so ChromeDriver is assuming that Chrome has crashed.)\nStacktrace:\n#0 0x5607b07365e3 <unknown>\n#1 0x5607b03f90b7 <unknown>\n#2 0x5607b042fe55 <unknown>\n#3 0x5607b042cb81 <unknown>\n#4 0x5607b047747f <unknown>\n#5 0x5607b046dcc3 <unknown>\n#6 0x5607b04390e4 <unknown>\n#7 0x5607b043a0ae <unknown>\n#8 0x5607b06fcce1 <unknown>\n#9 0x5607b0700b7e <unknown>\n#10 0x5607b06ea4b5 <unknown>\n#11 0x5607b07017d6 <unknown>\n#12 0x5607b06cddbf <unknown>\n#13 0x5607b0724748 <unknown>\n#14 0x5607b0724917 <unknown>\n#15 0x5607b0735773 <unknown>\n#16 0x7f1377294ac3 <unknown>\n\n",
      "time" : {
        "start" : 1700945050775,
        "stop" : 1700945057146,
        "duration" : 6371
      }
    }, {
      "uid" : "9850d3e99bae64c8",
      "status" : "broken",
      "statusDetails" : "selenium.common.exceptions.SessionNotCreatedException: Message: session not created: Chrome failed to start: exited normally.\n  (session not created: DevToolsActivePort file doesn't exist)\n  (The process started from chrome location /usr/bin/google-chrome is no longer running, so ChromeDriver is assuming that Chrome has crashed.)\nStacktrace:\n#0 0x559b304495e3 <unknown>\n#1 0x559b3010c0b7 <unknown>\n#2 0x559b30142e55 <unknown>\n#3 0x559b3013fb81 <unknown>\n#4 0x559b3018a47f <unknown>\n#5 0x559b30180cc3 <unknown>\n#6 0x559b3014c0e4 <unknown>\n#7 0x559b3014d0ae <unknown>\n#8 0x559b3040fce1 <unknown>\n#9 0x559b30413b7e <unknown>\n#10 0x559b303fd4b5 <unknown>\n#11 0x559b304147d6 <unknown>\n#12 0x559b303e0dbf <unknown>\n#13 0x559b30437748 <unknown>\n#14 0x559b30437917 <unknown>\n#15 0x559b30448773 <unknown>\n#16 0x7fac3c694ac3 <unknown>\n\n",
      "time" : {
        "start" : 1700944217331,
        "stop" : 1700944218946,
        "duration" : 1615
      }
    }, {
      "uid" : "9db5fb7c7df5e2a7",
      "status" : "broken",
      "statusDetails" : "selenium.common.exceptions.SessionNotCreatedException: Message: session not created: Chrome failed to start: exited normally.\n  (session not created: DevToolsActivePort file doesn't exist)\n  (The process started from chrome location /usr/bin/google-chrome is no longer running, so ChromeDriver is assuming that Chrome has crashed.)\nStacktrace:\n#0 0x5580e7ee55e3 <unknown>\n#1 0x5580e7ba80b7 <unknown>\n#2 0x5580e7bdee55 <unknown>\n#3 0x5580e7bdbb81 <unknown>\n#4 0x5580e7c2647f <unknown>\n#5 0x5580e7c1ccc3 <unknown>\n#6 0x5580e7be80e4 <unknown>\n#7 0x5580e7be90ae <unknown>\n#8 0x5580e7eabce1 <unknown>\n#9 0x5580e7eafb7e <unknown>\n#10 0x5580e7e994b5 <unknown>\n#11 0x5580e7eb07d6 <unknown>\n#12 0x5580e7e7cdbf <unknown>\n#13 0x5580e7ed3748 <unknown>\n#14 0x5580e7ed3917 <unknown>\n#15 0x5580e7ee4773 <unknown>\n#16 0x7f2db3094ac3 <unknown>\n\n",
      "time" : {
        "start" : 1700943237890,
        "stop" : 1700943248599,
        "duration" : 10709
      }
    }, {
      "uid" : "e11ffe4ebd52ea5a",
      "status" : "broken",
      "statusDetails" : "selenium.common.exceptions.SessionNotCreatedException: Message: session not created: Chrome failed to start: exited normally.\n  (session not created: DevToolsActivePort file doesn't exist)\n  (The process started from chrome location /usr/bin/google-chrome is no longer running, so ChromeDriver is assuming that Chrome has crashed.)\nStacktrace:\n#0 0x55a68ef9c5e3 <unknown>\n#1 0x55a68ec5f0b7 <unknown>\n#2 0x55a68ec95e55 <unknown>\n#3 0x55a68ec92b81 <unknown>\n#4 0x55a68ecdd47f <unknown>\n#5 0x55a68ecd3cc3 <unknown>\n#6 0x55a68ec9f0e4 <unknown>\n#7 0x55a68eca00ae <unknown>\n#8 0x55a68ef62ce1 <unknown>\n#9 0x55a68ef66b7e <unknown>\n#10 0x55a68ef504b5 <unknown>\n#11 0x55a68ef677d6 <unknown>\n#12 0x55a68ef33dbf <unknown>\n#13 0x55a68ef8a748 <unknown>\n#14 0x55a68ef8a917 <unknown>\n#15 0x55a68ef9b773 <unknown>\n#16 0x7f34ffc94ac3 <unknown>\n\n",
      "time" : {
        "start" : 1700942982267,
        "stop" : 1700942983305,
        "duration" : 1038
      }
    } ],
    "categories" : [ {
      "name" : "Test defects",
      "matchedStatuses" : [ ],
      "flaky" : false
    } ],
    "history" : {
      "statistic" : {
        "failed" : 0,
        "broken" : 6,
        "skipped" : 0,
        "passed" : 0,
        "unknown" : 0,
        "total" : 6
      },
      "items" : [ {
        "uid" : "d30821679ef7e94d",
        "reportUrl" : "https://PauliLuna.github.io/Ahorcado/6/#testresult/d30821679ef7e94d",
        "status" : "broken",
        "statusDetails" : "selenium.common.exceptions.SessionNotCreatedException: Message: session not created: Chrome failed to start: exited normally.\n  (session not created: DevToolsActivePort file doesn't exist)\n  (The process started from chrome location /usr/bin/google-chrome is no longer running, so ChromeDriver is assuming that Chrome has crashed.)\nStacktrace:\n#0 0x563cbe10b5e3 <unknown>\n#1 0x563cbddce0b7 <unknown>\n#2 0x563cbde04e55 <unknown>\n#3 0x563cbde01b81 <unknown>\n#4 0x563cbde4c47f <unknown>\n#5 0x563cbde42cc3 <unknown>\n#6 0x563cbde0e0e4 <unknown>\n#7 0x563cbde0f0ae <unknown>\n#8 0x563cbe0d1ce1 <unknown>\n#9 0x563cbe0d5b7e <unknown>\n#10 0x563cbe0bf4b5 <unknown>\n#11 0x563cbe0d67d6 <unknown>\n#12 0x563cbe0a2dbf <unknown>\n#13 0x563cbe0f9748 <unknown>\n#14 0x563cbe0f9917 <unknown>\n#15 0x563cbe10a773 <unknown>\n#16 0x7fc347894ac3 <unknown>\n\n",
        "time" : {
          "start" : 1700945424536,
          "stop" : 1700945435539,
          "duration" : 11003
        }
      }, {
        "uid" : "3b823b5ccf1c3034",
        "reportUrl" : "https://PauliLuna.github.io/Ahorcado/5/#testresult/3b823b5ccf1c3034",
        "status" : "broken",
        "statusDetails" : "selenium.common.exceptions.SessionNotCreatedException: Message: session not created: Chrome failed to start: exited normally.\n  (session not created: DevToolsActivePort file doesn't exist)\n  (The process started from chrome location /usr/bin/google-chrome is no longer running, so ChromeDriver is assuming that Chrome has crashed.)\nStacktrace:\n#0 0x5607b07365e3 <unknown>\n#1 0x5607b03f90b7 <unknown>\n#2 0x5607b042fe55 <unknown>\n#3 0x5607b042cb81 <unknown>\n#4 0x5607b047747f <unknown>\n#5 0x5607b046dcc3 <unknown>\n#6 0x5607b04390e4 <unknown>\n#7 0x5607b043a0ae <unknown>\n#8 0x5607b06fcce1 <unknown>\n#9 0x5607b0700b7e <unknown>\n#10 0x5607b06ea4b5 <unknown>\n#11 0x5607b07017d6 <unknown>\n#12 0x5607b06cddbf <unknown>\n#13 0x5607b0724748 <unknown>\n#14 0x5607b0724917 <unknown>\n#15 0x5607b0735773 <unknown>\n#16 0x7f1377294ac3 <unknown>\n\n",
        "time" : {
          "start" : 1700945050775,
          "stop" : 1700945057146,
          "duration" : 6371
        }
      }, {
        "uid" : "8dfb4e327ed43fbe",
        "reportUrl" : "https://PauliLuna.github.io/Ahorcado/4/#testresult/8dfb4e327ed43fbe",
        "status" : "broken",
        "statusDetails" : "selenium.common.exceptions.SessionNotCreatedException: Message: session not created: Chrome failed to start: exited normally.\n  (session not created: DevToolsActivePort file doesn't exist)\n  (The process started from chrome location /usr/bin/google-chrome is no longer running, so ChromeDriver is assuming that Chrome has crashed.)\nStacktrace:\n#0 0x559b304495e3 <unknown>\n#1 0x559b3010c0b7 <unknown>\n#2 0x559b30142e55 <unknown>\n#3 0x559b3013fb81 <unknown>\n#4 0x559b3018a47f <unknown>\n#5 0x559b30180cc3 <unknown>\n#6 0x559b3014c0e4 <unknown>\n#7 0x559b3014d0ae <unknown>\n#8 0x559b3040fce1 <unknown>\n#9 0x559b30413b7e <unknown>\n#10 0x559b303fd4b5 <unknown>\n#11 0x559b304147d6 <unknown>\n#12 0x559b303e0dbf <unknown>\n#13 0x559b30437748 <unknown>\n#14 0x559b30437917 <unknown>\n#15 0x559b30448773 <unknown>\n#16 0x7fac3c694ac3 <unknown>\n\n",
        "time" : {
          "start" : 1700944217331,
          "stop" : 1700944218946,
          "duration" : 1615
        }
      }, {
        "uid" : "21c79d10650435e7",
        "reportUrl" : "https://PauliLuna.github.io/Ahorcado/3/#testresult/21c79d10650435e7",
        "status" : "broken",
        "statusDetails" : "selenium.common.exceptions.SessionNotCreatedException: Message: session not created: Chrome failed to start: exited normally.\n  (session not created: DevToolsActivePort file doesn't exist)\n  (The process started from chrome location /usr/bin/google-chrome is no longer running, so ChromeDriver is assuming that Chrome has crashed.)\nStacktrace:\n#0 0x5580e7ee55e3 <unknown>\n#1 0x5580e7ba80b7 <unknown>\n#2 0x5580e7bdee55 <unknown>\n#3 0x5580e7bdbb81 <unknown>\n#4 0x5580e7c2647f <unknown>\n#5 0x5580e7c1ccc3 <unknown>\n#6 0x5580e7be80e4 <unknown>\n#7 0x5580e7be90ae <unknown>\n#8 0x5580e7eabce1 <unknown>\n#9 0x5580e7eafb7e <unknown>\n#10 0x5580e7e994b5 <unknown>\n#11 0x5580e7eb07d6 <unknown>\n#12 0x5580e7e7cdbf <unknown>\n#13 0x5580e7ed3748 <unknown>\n#14 0x5580e7ed3917 <unknown>\n#15 0x5580e7ee4773 <unknown>\n#16 0x7f2db3094ac3 <unknown>\n\n",
        "time" : {
          "start" : 1700943237890,
          "stop" : 1700943248599,
          "duration" : 10709
        }
      }, {
        "uid" : "548e3e4db18026c2",
        "reportUrl" : "https://PauliLuna.github.io/Ahorcado/2/#testresult/548e3e4db18026c2",
        "status" : "broken",
        "statusDetails" : "selenium.common.exceptions.SessionNotCreatedException: Message: session not created: Chrome failed to start: exited normally.\n  (session not created: DevToolsActivePort file doesn't exist)\n  (The process started from chrome location /usr/bin/google-chrome is no longer running, so ChromeDriver is assuming that Chrome has crashed.)\nStacktrace:\n#0 0x55a68ef9c5e3 <unknown>\n#1 0x55a68ec5f0b7 <unknown>\n#2 0x55a68ec95e55 <unknown>\n#3 0x55a68ec92b81 <unknown>\n#4 0x55a68ecdd47f <unknown>\n#5 0x55a68ecd3cc3 <unknown>\n#6 0x55a68ec9f0e4 <unknown>\n#7 0x55a68eca00ae <unknown>\n#8 0x55a68ef62ce1 <unknown>\n#9 0x55a68ef66b7e <unknown>\n#10 0x55a68ef504b5 <unknown>\n#11 0x55a68ef677d6 <unknown>\n#12 0x55a68ef33dbf <unknown>\n#13 0x55a68ef8a748 <unknown>\n#14 0x55a68ef8a917 <unknown>\n#15 0x55a68ef9b773 <unknown>\n#16 0x7f34ffc94ac3 <unknown>\n\n",
        "time" : {
          "start" : 1700942982267,
          "stop" : 1700942983305,
          "duration" : 1038
        }
      } ]
    },
    "tags" : [ ]
  },
  "source" : "c6ddd8a0d5581e7d.json",
  "parameterValues" : [ "Elegir temática:", "Jugar por temáticas" ]
}