{
  "uid" : "75845a7359bf00e1",
  "name" : "Elegir diferentes tematicas o niveles -- @1.8 Tematicas",
  "fullName" : "Juego del Ahorcado: Elegir diferentes tematicas o niveles",
  "historyId" : "512b90981588cbd722e72f1376057171",
  "time" : {
    "start" : 1700945062507,
    "stop" : 1700945063170,
    "duration" : 663
  },
  "status" : "broken",
  "statusMessage" : "selenium.common.exceptions.SessionNotCreatedException: Message: session not created: Chrome failed to start: exited normally.\n  (session not created: DevToolsActivePort file doesn't exist)\n  (The process started from chrome location /usr/bin/google-chrome is no longer running, so ChromeDriver is assuming that Chrome has crashed.)\nStacktrace:\n#0 0x559bed23b5e3 <unknown>\n#1 0x559becefe0b7 <unknown>\n#2 0x559becf34e55 <unknown>\n#3 0x559becf31b81 <unknown>\n#4 0x559becf7c47f <unknown>\n#5 0x559becf72cc3 <unknown>\n#6 0x559becf3e0e4 <unknown>\n#7 0x559becf3f0ae <unknown>\n#8 0x559bed201ce1 <unknown>\n#9 0x559bed205b7e <unknown>\n#10 0x559bed1ef4b5 <unknown>\n#11 0x559bed2067d6 <unknown>\n#12 0x559bed1d2dbf <unknown>\n#13 0x559bed229748 <unknown>\n#14 0x559bed229917 <unknown>\n#15 0x559bed23a773 <unknown>\n#16 0x7fb3c1894ac3 <unknown>\n\n",
  "statusTrace" : "  File \"/opt/hostedtoolcache/Python/3.11.2/x64/lib/python3.11/site-packages/behave/model.py\", line 1329, in run\n    match.run(runner.context)\n  File \"/opt/hostedtoolcache/Python/3.11.2/x64/lib/python3.11/site-packages/behave/matchers.py\", line 98, in run\n    self.func(context, *args, **kwargs)\n  File \"features/steps/ahorcado_steps.py\", line 31, in step_given\n    context.driver = webdriver.Chrome()\n                     ^^^^^^^^^^^^^^^^^^\n  File \"/opt/hostedtoolcache/Python/3.11.2/x64/lib/python3.11/site-packages/selenium/webdriver/chrome/webdriver.py\", line 45, in __init__\n    super().__init__(\n  File \"/opt/hostedtoolcache/Python/3.11.2/x64/lib/python3.11/site-packages/selenium/webdriver/chromium/webdriver.py\", line 56, in __init__\n    super().__init__(\n  File \"/opt/hostedtoolcache/Python/3.11.2/x64/lib/python3.11/site-packages/selenium/webdriver/remote/webdriver.py\", line 208, in __init__\n    self.start_session(capabilities)\n  File \"/opt/hostedtoolcache/Python/3.11.2/x64/lib/python3.11/site-packages/selenium/webdriver/remote/webdriver.py\", line 292, in start_session\n    response = self.execute(Command.NEW_SESSION, caps)[\"value\"]\n               ^^^^^^^^^^^^^^^^^^^^^^^^^^^^^^^^^^^^^^^\n  File \"/opt/hostedtoolcache/Python/3.11.2/x64/lib/python3.11/site-packages/selenium/webdriver/remote/webdriver.py\", line 347, in execute\n    self.error_handler.check_response(response)\n  File \"/opt/hostedtoolcache/Python/3.11.2/x64/lib/python3.11/site-packages/selenium/webdriver/remote/errorhandler.py\", line 229, in check_response\n    raise exception_class(message, screen, stacktrace)\n",
  "flaky" : false,
  "newFailed" : false,
  "beforeStages" : [ ],
  "testStage" : {
    "status" : "broken",
    "statusMessage" : "selenium.common.exceptions.SessionNotCreatedException: Message: session not created: Chrome failed to start: exited normally.\n  (session not created: DevToolsActivePort file doesn't exist)\n  (The process started from chrome location /usr/bin/google-chrome is no longer running, so ChromeDriver is assuming that Chrome has crashed.)\nStacktrace:\n#0 0x559bed23b5e3 <unknown>\n#1 0x559becefe0b7 <unknown>\n#2 0x559becf34e55 <unknown>\n#3 0x559becf31b81 <unknown>\n#4 0x559becf7c47f <unknown>\n#5 0x559becf72cc3 <unknown>\n#6 0x559becf3e0e4 <unknown>\n#7 0x559becf3f0ae <unknown>\n#8 0x559bed201ce1 <unknown>\n#9 0x559bed205b7e <unknown>\n#10 0x559bed1ef4b5 <unknown>\n#11 0x559bed2067d6 <unknown>\n#12 0x559bed1d2dbf <unknown>\n#13 0x559bed229748 <unknown>\n#14 0x559bed229917 <unknown>\n#15 0x559bed23a773 <unknown>\n#16 0x7fb3c1894ac3 <unknown>\n\n",
    "statusTrace" : "  File \"/opt/hostedtoolcache/Python/3.11.2/x64/lib/python3.11/site-packages/behave/model.py\", line 1329, in run\n    match.run(runner.context)\n  File \"/opt/hostedtoolcache/Python/3.11.2/x64/lib/python3.11/site-packages/behave/matchers.py\", line 98, in run\n    self.func(context, *args, **kwargs)\n  File \"features/steps/ahorcado_steps.py\", line 31, in step_given\n    context.driver = webdriver.Chrome()\n                     ^^^^^^^^^^^^^^^^^^\n  File \"/opt/hostedtoolcache/Python/3.11.2/x64/lib/python3.11/site-packages/selenium/webdriver/chrome/webdriver.py\", line 45, in __init__\n    super().__init__(\n  File \"/opt/hostedtoolcache/Python/3.11.2/x64/lib/python3.11/site-packages/selenium/webdriver/chromium/webdriver.py\", line 56, in __init__\n    super().__init__(\n  File \"/opt/hostedtoolcache/Python/3.11.2/x64/lib/python3.11/site-packages/selenium/webdriver/remote/webdriver.py\", line 208, in __init__\n    self.start_session(capabilities)\n  File \"/opt/hostedtoolcache/Python/3.11.2/x64/lib/python3.11/site-packages/selenium/webdriver/remote/webdriver.py\", line 292, in start_session\n    response = self.execute(Command.NEW_SESSION, caps)[\"value\"]\n               ^^^^^^^^^^^^^^^^^^^^^^^^^^^^^^^^^^^^^^^\n  File \"/opt/hostedtoolcache/Python/3.11.2/x64/lib/python3.11/site-packages/selenium/webdriver/remote/webdriver.py\", line 347, in execute\n    self.error_handler.check_response(response)\n  File \"/opt/hostedtoolcache/Python/3.11.2/x64/lib/python3.11/site-packages/selenium/webdriver/remote/errorhandler.py\", line 229, in check_response\n    raise exception_class(message, screen, stacktrace)\n",
    "steps" : [ {
      "name" : "Given Que estoy en la página del Juego del Ahorcado",
      "time" : {
        "start" : 1700945062507,
        "stop" : 1700945063169,
        "duration" : 662
      },
      "status" : "broken",
      "statusMessage" : "selenium.common.exceptions.SessionNotCreatedException: Message: session not created: Chrome failed to start: exited normally.\n  (session not created: DevToolsActivePort file doesn't exist)\n  (The process started from chrome location /usr/bin/google-chrome is no longer running, so ChromeDriver is assuming that Chrome has crashed.)\nStacktrace:\n#0 0x559bed23b5e3 <unknown>\n#1 0x559becefe0b7 <unknown>\n#2 0x559becf34e55 <unknown>\n#3 0x559becf31b81 <unknown>\n#4 0x559becf7c47f <unknown>\n#5 0x559becf72cc3 <unknown>\n#6 0x559becf3e0e4 <unknown>\n#7 0x559becf3f0ae <unknown>\n#8 0x559bed201ce1 <unknown>\n#9 0x559bed205b7e <unknown>\n#10 0x559bed1ef4b5 <unknown>\n#11 0x559bed2067d6 <unknown>\n#12 0x559bed1d2dbf <unknown>\n#13 0x559bed229748 <unknown>\n#14 0x559bed229917 <unknown>\n#15 0x559bed23a773 <unknown>\n#16 0x7fb3c1894ac3 <unknown>\n\n",
      "statusTrace" : "  File \"/opt/hostedtoolcache/Python/3.11.2/x64/lib/python3.11/site-packages/behave/model.py\", line 1329, in run\n    match.run(runner.context)\n  File \"/opt/hostedtoolcache/Python/3.11.2/x64/lib/python3.11/site-packages/behave/matchers.py\", line 98, in run\n    self.func(context, *args, **kwargs)\n  File \"features/steps/ahorcado_steps.py\", line 31, in step_given\n    context.driver = webdriver.Chrome()\n                     ^^^^^^^^^^^^^^^^^^\n  File \"/opt/hostedtoolcache/Python/3.11.2/x64/lib/python3.11/site-packages/selenium/webdriver/chrome/webdriver.py\", line 45, in __init__\n    super().__init__(\n  File \"/opt/hostedtoolcache/Python/3.11.2/x64/lib/python3.11/site-packages/selenium/webdriver/chromium/webdriver.py\", line 56, in __init__\n    super().__init__(\n  File \"/opt/hostedtoolcache/Python/3.11.2/x64/lib/python3.11/site-packages/selenium/webdriver/remote/webdriver.py\", line 208, in __init__\n    self.start_session(capabilities)\n  File \"/opt/hostedtoolcache/Python/3.11.2/x64/lib/python3.11/site-packages/selenium/webdriver/remote/webdriver.py\", line 292, in start_session\n    response = self.execute(Command.NEW_SESSION, caps)[\"value\"]\n               ^^^^^^^^^^^^^^^^^^^^^^^^^^^^^^^^^^^^^^^\n  File \"/opt/hostedtoolcache/Python/3.11.2/x64/lib/python3.11/site-packages/selenium/webdriver/remote/webdriver.py\", line 347, in execute\n    self.error_handler.check_response(response)\n  File \"/opt/hostedtoolcache/Python/3.11.2/x64/lib/python3.11/site-packages/selenium/webdriver/remote/errorhandler.py\", line 229, in check_response\n    raise exception_class(message, screen, stacktrace)\n",
      "steps" : [ ],
      "attachments" : [ ],
      "parameters" : [ ],
      "stepsCount" : 0,
      "attachmentsCount" : 0,
      "shouldDisplayMessage" : true,
      "hasContent" : true
    }, {
      "name" : "When Eligo \"Jugar por nivel de dificultad\"",
      "time" : {
        "start" : 1700945063170,
        "stop" : 1700945063170,
        "duration" : 0
      },
      "status" : "skipped",
      "steps" : [ ],
      "attachments" : [ ],
      "parameters" : [ ],
      "stepsCount" : 0,
      "attachmentsCount" : 0,
      "shouldDisplayMessage" : false,
      "hasContent" : false
    }, {
      "name" : "And Hago clic en el boton Continuar",
      "time" : {
        "start" : 1700945063170,
        "stop" : 1700945063170,
        "duration" : 0
      },
      "status" : "skipped",
      "steps" : [ ],
      "attachments" : [ ],
      "parameters" : [ ],
      "stepsCount" : 0,
      "attachmentsCount" : 0,
      "shouldDisplayMessage" : false,
      "hasContent" : false
    }, {
      "name" : "Then Deberia ser redirigido a la proxima pagina",
      "time" : {
        "start" : 1700945063170,
        "stop" : 1700945063170,
        "duration" : 0
      },
      "status" : "skipped",
      "steps" : [ ],
      "attachments" : [ ],
      "parameters" : [ ],
      "stepsCount" : 0,
      "attachmentsCount" : 0,
      "shouldDisplayMessage" : false,
      "hasContent" : false
    }, {
      "name" : "And Deberia ver la opcion \"Difícil\"",
      "time" : {
        "start" : 1700945063170,
        "stop" : 1700945063170,
        "duration" : 0
      },
      "status" : "skipped",
      "steps" : [ ],
      "attachments" : [ ],
      "parameters" : [ ],
      "stepsCount" : 0,
      "attachmentsCount" : 0,
      "shouldDisplayMessage" : false,
      "hasContent" : false
    } ],
    "attachments" : [ ],
    "parameters" : [ ],
    "stepsCount" : 5,
    "attachmentsCount" : 0,
    "shouldDisplayMessage" : false,
    "hasContent" : true
  },
  "afterStages" : [ ],
  "labels" : [ {
    "name" : "severity",
    "value" : "normal"
  }, {
    "name" : "feature",
    "value" : "Juego del Ahorcado"
  }, {
    "name" : "framework",
    "value" : "behave"
  }, {
    "name" : "language",
    "value" : "cpython3"
  }, {
    "name" : "resultFormat",
    "value" : "allure2"
  } ],
  "parameters" : [ {
    "name" : "opcion",
    "value" : "Jugar por nivel de dificultad"
  }, {
    "name" : "seleccion",
    "value" : "Difícil"
  } ],
  "links" : [ ],
  "hidden" : false,
  "retry" : false,
  "extra" : {
    "severity" : "normal",
    "retries" : [ {
      "uid" : "f556698c0f95f1bd",
      "status" : "broken",
      "statusDetails" : "selenium.common.exceptions.SessionNotCreatedException: Message: session not created: Chrome failed to start: exited normally.\n  (session not created: DevToolsActivePort file doesn't exist)\n  (The process started from chrome location /usr/bin/google-chrome is no longer running, so ChromeDriver is assuming that Chrome has crashed.)\nStacktrace:\n#0 0x5620580235e3 <unknown>\n#1 0x562057ce60b7 <unknown>\n#2 0x562057d1ce55 <unknown>\n#3 0x562057d19b81 <unknown>\n#4 0x562057d6447f <unknown>\n#5 0x562057d5acc3 <unknown>\n#6 0x562057d260e4 <unknown>\n#7 0x562057d270ae <unknown>\n#8 0x562057fe9ce1 <unknown>\n#9 0x562057fedb7e <unknown>\n#10 0x562057fd74b5 <unknown>\n#11 0x562057fee7d6 <unknown>\n#12 0x562057fbadbf <unknown>\n#13 0x562058011748 <unknown>\n#14 0x562058011917 <unknown>\n#15 0x562058022773 <unknown>\n#16 0x7fc4e6294ac3 <unknown>\n\n",
      "time" : {
        "start" : 1700944224262,
        "stop" : 1700944224926,
        "duration" : 664
      }
    }, {
      "uid" : "fd11bb88f92d1abc",
      "status" : "broken",
      "statusDetails" : "selenium.common.exceptions.SessionNotCreatedException: Message: session not created: Chrome failed to start: exited normally.\n  (session not created: DevToolsActivePort file doesn't exist)\n  (The process started from chrome location /usr/bin/google-chrome is no longer running, so ChromeDriver is assuming that Chrome has crashed.)\nStacktrace:\n#0 0x55e46211b5e3 <unknown>\n#1 0x55e461dde0b7 <unknown>\n#2 0x55e461e14e55 <unknown>\n#3 0x55e461e11b81 <unknown>\n#4 0x55e461e5c47f <unknown>\n#5 0x55e461e52cc3 <unknown>\n#6 0x55e461e1e0e4 <unknown>\n#7 0x55e461e1f0ae <unknown>\n#8 0x55e4620e1ce1 <unknown>\n#9 0x55e4620e5b7e <unknown>\n#10 0x55e4620cf4b5 <unknown>\n#11 0x55e4620e67d6 <unknown>\n#12 0x55e4620b2dbf <unknown>\n#13 0x55e462109748 <unknown>\n#14 0x55e462109917 <unknown>\n#15 0x55e46211a773 <unknown>\n#16 0x7f094f494ac3 <unknown>\n\n",
      "time" : {
        "start" : 1700943253972,
        "stop" : 1700943254636,
        "duration" : 664
      }
    }, {
      "uid" : "542ad7bb18476f9b",
      "status" : "broken",
      "statusDetails" : "selenium.common.exceptions.SessionNotCreatedException: Message: session not created: Chrome failed to start: exited normally.\n  (session not created: DevToolsActivePort file doesn't exist)\n  (The process started from chrome location /usr/bin/google-chrome is no longer running, so ChromeDriver is assuming that Chrome has crashed.)\nStacktrace:\n#0 0x56438a8635e3 <unknown>\n#1 0x56438a5260b7 <unknown>\n#2 0x56438a55ce55 <unknown>\n#3 0x56438a559b81 <unknown>\n#4 0x56438a5a447f <unknown>\n#5 0x56438a59acc3 <unknown>\n#6 0x56438a5660e4 <unknown>\n#7 0x56438a5670ae <unknown>\n#8 0x56438a829ce1 <unknown>\n#9 0x56438a82db7e <unknown>\n#10 0x56438a8174b5 <unknown>\n#11 0x56438a82e7d6 <unknown>\n#12 0x56438a7fadbf <unknown>\n#13 0x56438a851748 <unknown>\n#14 0x56438a851917 <unknown>\n#15 0x56438a862773 <unknown>\n#16 0x7fb8c8e94ac3 <unknown>\n\n",
      "time" : {
        "start" : 1700942988615,
        "stop" : 1700942989278,
        "duration" : 663
      }
    } ],
    "categories" : [ {
      "name" : "Test defects",
      "matchedStatuses" : [ ],
      "flaky" : false
    } ],
    "history" : {
      "statistic" : {
        "failed" : 0,
        "broken" : 4,
        "skipped" : 0,
        "passed" : 0,
        "unknown" : 0,
        "total" : 4
      },
      "items" : [ {
        "uid" : "1fa726c6a42ca236",
        "reportUrl" : "https://PauliLuna.github.io/Ahorcado/4/#testresult/1fa726c6a42ca236",
        "status" : "broken",
        "statusDetails" : "selenium.common.exceptions.SessionNotCreatedException: Message: session not created: Chrome failed to start: exited normally.\n  (session not created: DevToolsActivePort file doesn't exist)\n  (The process started from chrome location /usr/bin/google-chrome is no longer running, so ChromeDriver is assuming that Chrome has crashed.)\nStacktrace:\n#0 0x5620580235e3 <unknown>\n#1 0x562057ce60b7 <unknown>\n#2 0x562057d1ce55 <unknown>\n#3 0x562057d19b81 <unknown>\n#4 0x562057d6447f <unknown>\n#5 0x562057d5acc3 <unknown>\n#6 0x562057d260e4 <unknown>\n#7 0x562057d270ae <unknown>\n#8 0x562057fe9ce1 <unknown>\n#9 0x562057fedb7e <unknown>\n#10 0x562057fd74b5 <unknown>\n#11 0x562057fee7d6 <unknown>\n#12 0x562057fbadbf <unknown>\n#13 0x562058011748 <unknown>\n#14 0x562058011917 <unknown>\n#15 0x562058022773 <unknown>\n#16 0x7fc4e6294ac3 <unknown>\n\n",
        "time" : {
          "start" : 1700944224262,
          "stop" : 1700944224926,
          "duration" : 664
        }
      }, {
        "uid" : "9760d6e521d88093",
        "reportUrl" : "https://PauliLuna.github.io/Ahorcado/3/#testresult/9760d6e521d88093",
        "status" : "broken",
        "statusDetails" : "selenium.common.exceptions.SessionNotCreatedException: Message: session not created: Chrome failed to start: exited normally.\n  (session not created: DevToolsActivePort file doesn't exist)\n  (The process started from chrome location /usr/bin/google-chrome is no longer running, so ChromeDriver is assuming that Chrome has crashed.)\nStacktrace:\n#0 0x55e46211b5e3 <unknown>\n#1 0x55e461dde0b7 <unknown>\n#2 0x55e461e14e55 <unknown>\n#3 0x55e461e11b81 <unknown>\n#4 0x55e461e5c47f <unknown>\n#5 0x55e461e52cc3 <unknown>\n#6 0x55e461e1e0e4 <unknown>\n#7 0x55e461e1f0ae <unknown>\n#8 0x55e4620e1ce1 <unknown>\n#9 0x55e4620e5b7e <unknown>\n#10 0x55e4620cf4b5 <unknown>\n#11 0x55e4620e67d6 <unknown>\n#12 0x55e4620b2dbf <unknown>\n#13 0x55e462109748 <unknown>\n#14 0x55e462109917 <unknown>\n#15 0x55e46211a773 <unknown>\n#16 0x7f094f494ac3 <unknown>\n\n",
        "time" : {
          "start" : 1700943253972,
          "stop" : 1700943254636,
          "duration" : 664
        }
      }, {
        "uid" : "8c6170f7207f658c",
        "reportUrl" : "https://PauliLuna.github.io/Ahorcado/2/#testresult/8c6170f7207f658c",
        "status" : "broken",
        "statusDetails" : "selenium.common.exceptions.SessionNotCreatedException: Message: session not created: Chrome failed to start: exited normally.\n  (session not created: DevToolsActivePort file doesn't exist)\n  (The process started from chrome location /usr/bin/google-chrome is no longer running, so ChromeDriver is assuming that Chrome has crashed.)\nStacktrace:\n#0 0x56438a8635e3 <unknown>\n#1 0x56438a5260b7 <unknown>\n#2 0x56438a55ce55 <unknown>\n#3 0x56438a559b81 <unknown>\n#4 0x56438a5a447f <unknown>\n#5 0x56438a59acc3 <unknown>\n#6 0x56438a5660e4 <unknown>\n#7 0x56438a5670ae <unknown>\n#8 0x56438a829ce1 <unknown>\n#9 0x56438a82db7e <unknown>\n#10 0x56438a8174b5 <unknown>\n#11 0x56438a82e7d6 <unknown>\n#12 0x56438a7fadbf <unknown>\n#13 0x56438a851748 <unknown>\n#14 0x56438a851917 <unknown>\n#15 0x56438a862773 <unknown>\n#16 0x7fb8c8e94ac3 <unknown>\n\n",
        "time" : {
          "start" : 1700942988615,
          "stop" : 1700942989278,
          "duration" : 663
        }
      } ]
    },
    "tags" : [ ]
  },
  "source" : "75845a7359bf00e1.json",
  "parameterValues" : [ "Jugar por nivel de dificultad", "Difícil" ]
}