{
  "uid" : "ba2293c7b68e27c3",
  "name" : "Ingresar letra incorrecta",
  "fullName" : "Juego del Ahorcado: Ingresar letra incorrecta",
  "historyId" : "95ae3ff98e078549087c92c2cb17d98d",
  "time" : {
    "start" : 1700944224927,
    "stop" : 1700944225591,
    "duration" : 664
  },
  "status" : "broken",
  "statusMessage" : "selenium.common.exceptions.SessionNotCreatedException: Message: session not created: Chrome failed to start: exited normally.\n  (session not created: DevToolsActivePort file doesn't exist)\n  (The process started from chrome location /usr/bin/google-chrome is no longer running, so ChromeDriver is assuming that Chrome has crashed.)\nStacktrace:\n#0 0x556cca0405e3 <unknown>\n#1 0x556cc9d030b7 <unknown>\n#2 0x556cc9d39e55 <unknown>\n#3 0x556cc9d36b81 <unknown>\n#4 0x556cc9d8147f <unknown>\n#5 0x556cc9d77cc3 <unknown>\n#6 0x556cc9d430e4 <unknown>\n#7 0x556cc9d440ae <unknown>\n#8 0x556cca006ce1 <unknown>\n#9 0x556cca00ab7e <unknown>\n#10 0x556cc9ff44b5 <unknown>\n#11 0x556cca00b7d6 <unknown>\n#12 0x556cc9fd7dbf <unknown>\n#13 0x556cca02e748 <unknown>\n#14 0x556cca02e917 <unknown>\n#15 0x556cca03f773 <unknown>\n#16 0x7fd6c0c94ac3 <unknown>\n\n",
  "statusTrace" : "  File \"/opt/hostedtoolcache/Python/3.11.2/x64/lib/python3.11/site-packages/behave/model.py\", line 1329, in run\n    match.run(runner.context)\n  File \"/opt/hostedtoolcache/Python/3.11.2/x64/lib/python3.11/site-packages/behave/matchers.py\", line 98, in run\n    self.func(context, *args, **kwargs)\n  File \"features/steps/ahorcado_steps.py\", line 31, in step_given\n    context.driver = webdriver.Chrome()\n                     ^^^^^^^^^^^^^^^^^^\n  File \"/opt/hostedtoolcache/Python/3.11.2/x64/lib/python3.11/site-packages/selenium/webdriver/chrome/webdriver.py\", line 45, in __init__\n    super().__init__(\n  File \"/opt/hostedtoolcache/Python/3.11.2/x64/lib/python3.11/site-packages/selenium/webdriver/chromium/webdriver.py\", line 56, in __init__\n    super().__init__(\n  File \"/opt/hostedtoolcache/Python/3.11.2/x64/lib/python3.11/site-packages/selenium/webdriver/remote/webdriver.py\", line 208, in __init__\n    self.start_session(capabilities)\n  File \"/opt/hostedtoolcache/Python/3.11.2/x64/lib/python3.11/site-packages/selenium/webdriver/remote/webdriver.py\", line 292, in start_session\n    response = self.execute(Command.NEW_SESSION, caps)[\"value\"]\n               ^^^^^^^^^^^^^^^^^^^^^^^^^^^^^^^^^^^^^^^\n  File \"/opt/hostedtoolcache/Python/3.11.2/x64/lib/python3.11/site-packages/selenium/webdriver/remote/webdriver.py\", line 347, in execute\n    self.error_handler.check_response(response)\n  File \"/opt/hostedtoolcache/Python/3.11.2/x64/lib/python3.11/site-packages/selenium/webdriver/remote/errorhandler.py\", line 229, in check_response\n    raise exception_class(message, screen, stacktrace)\n",
  "flaky" : false,
  "newFailed" : false,
  "beforeStages" : [ ],
  "testStage" : {
    "status" : "broken",
    "statusMessage" : "selenium.common.exceptions.SessionNotCreatedException: Message: session not created: Chrome failed to start: exited normally.\n  (session not created: DevToolsActivePort file doesn't exist)\n  (The process started from chrome location /usr/bin/google-chrome is no longer running, so ChromeDriver is assuming that Chrome has crashed.)\nStacktrace:\n#0 0x556cca0405e3 <unknown>\n#1 0x556cc9d030b7 <unknown>\n#2 0x556cc9d39e55 <unknown>\n#3 0x556cc9d36b81 <unknown>\n#4 0x556cc9d8147f <unknown>\n#5 0x556cc9d77cc3 <unknown>\n#6 0x556cc9d430e4 <unknown>\n#7 0x556cc9d440ae <unknown>\n#8 0x556cca006ce1 <unknown>\n#9 0x556cca00ab7e <unknown>\n#10 0x556cc9ff44b5 <unknown>\n#11 0x556cca00b7d6 <unknown>\n#12 0x556cc9fd7dbf <unknown>\n#13 0x556cca02e748 <unknown>\n#14 0x556cca02e917 <unknown>\n#15 0x556cca03f773 <unknown>\n#16 0x7fd6c0c94ac3 <unknown>\n\n",
    "statusTrace" : "  File \"/opt/hostedtoolcache/Python/3.11.2/x64/lib/python3.11/site-packages/behave/model.py\", line 1329, in run\n    match.run(runner.context)\n  File \"/opt/hostedtoolcache/Python/3.11.2/x64/lib/python3.11/site-packages/behave/matchers.py\", line 98, in run\n    self.func(context, *args, **kwargs)\n  File \"features/steps/ahorcado_steps.py\", line 31, in step_given\n    context.driver = webdriver.Chrome()\n                     ^^^^^^^^^^^^^^^^^^\n  File \"/opt/hostedtoolcache/Python/3.11.2/x64/lib/python3.11/site-packages/selenium/webdriver/chrome/webdriver.py\", line 45, in __init__\n    super().__init__(\n  File \"/opt/hostedtoolcache/Python/3.11.2/x64/lib/python3.11/site-packages/selenium/webdriver/chromium/webdriver.py\", line 56, in __init__\n    super().__init__(\n  File \"/opt/hostedtoolcache/Python/3.11.2/x64/lib/python3.11/site-packages/selenium/webdriver/remote/webdriver.py\", line 208, in __init__\n    self.start_session(capabilities)\n  File \"/opt/hostedtoolcache/Python/3.11.2/x64/lib/python3.11/site-packages/selenium/webdriver/remote/webdriver.py\", line 292, in start_session\n    response = self.execute(Command.NEW_SESSION, caps)[\"value\"]\n               ^^^^^^^^^^^^^^^^^^^^^^^^^^^^^^^^^^^^^^^\n  File \"/opt/hostedtoolcache/Python/3.11.2/x64/lib/python3.11/site-packages/selenium/webdriver/remote/webdriver.py\", line 347, in execute\n    self.error_handler.check_response(response)\n  File \"/opt/hostedtoolcache/Python/3.11.2/x64/lib/python3.11/site-packages/selenium/webdriver/remote/errorhandler.py\", line 229, in check_response\n    raise exception_class(message, screen, stacktrace)\n",
    "steps" : [ {
      "name" : "Given Que estoy en la página del Juego del Ahorcado",
      "time" : {
        "start" : 1700944224927,
        "stop" : 1700944225589,
        "duration" : 662
      },
      "status" : "broken",
      "statusMessage" : "selenium.common.exceptions.SessionNotCreatedException: Message: session not created: Chrome failed to start: exited normally.\n  (session not created: DevToolsActivePort file doesn't exist)\n  (The process started from chrome location /usr/bin/google-chrome is no longer running, so ChromeDriver is assuming that Chrome has crashed.)\nStacktrace:\n#0 0x556cca0405e3 <unknown>\n#1 0x556cc9d030b7 <unknown>\n#2 0x556cc9d39e55 <unknown>\n#3 0x556cc9d36b81 <unknown>\n#4 0x556cc9d8147f <unknown>\n#5 0x556cc9d77cc3 <unknown>\n#6 0x556cc9d430e4 <unknown>\n#7 0x556cc9d440ae <unknown>\n#8 0x556cca006ce1 <unknown>\n#9 0x556cca00ab7e <unknown>\n#10 0x556cc9ff44b5 <unknown>\n#11 0x556cca00b7d6 <unknown>\n#12 0x556cc9fd7dbf <unknown>\n#13 0x556cca02e748 <unknown>\n#14 0x556cca02e917 <unknown>\n#15 0x556cca03f773 <unknown>\n#16 0x7fd6c0c94ac3 <unknown>\n\n",
      "statusTrace" : "  File \"/opt/hostedtoolcache/Python/3.11.2/x64/lib/python3.11/site-packages/behave/model.py\", line 1329, in run\n    match.run(runner.context)\n  File \"/opt/hostedtoolcache/Python/3.11.2/x64/lib/python3.11/site-packages/behave/matchers.py\", line 98, in run\n    self.func(context, *args, **kwargs)\n  File \"features/steps/ahorcado_steps.py\", line 31, in step_given\n    context.driver = webdriver.Chrome()\n                     ^^^^^^^^^^^^^^^^^^\n  File \"/opt/hostedtoolcache/Python/3.11.2/x64/lib/python3.11/site-packages/selenium/webdriver/chrome/webdriver.py\", line 45, in __init__\n    super().__init__(\n  File \"/opt/hostedtoolcache/Python/3.11.2/x64/lib/python3.11/site-packages/selenium/webdriver/chromium/webdriver.py\", line 56, in __init__\n    super().__init__(\n  File \"/opt/hostedtoolcache/Python/3.11.2/x64/lib/python3.11/site-packages/selenium/webdriver/remote/webdriver.py\", line 208, in __init__\n    self.start_session(capabilities)\n  File \"/opt/hostedtoolcache/Python/3.11.2/x64/lib/python3.11/site-packages/selenium/webdriver/remote/webdriver.py\", line 292, in start_session\n    response = self.execute(Command.NEW_SESSION, caps)[\"value\"]\n               ^^^^^^^^^^^^^^^^^^^^^^^^^^^^^^^^^^^^^^^\n  File \"/opt/hostedtoolcache/Python/3.11.2/x64/lib/python3.11/site-packages/selenium/webdriver/remote/webdriver.py\", line 347, in execute\n    self.error_handler.check_response(response)\n  File \"/opt/hostedtoolcache/Python/3.11.2/x64/lib/python3.11/site-packages/selenium/webdriver/remote/errorhandler.py\", line 229, in check_response\n    raise exception_class(message, screen, stacktrace)\n",
      "steps" : [ ],
      "attachments" : [ ],
      "parameters" : [ ],
      "stepsCount" : 0,
      "attachmentsCount" : 0,
      "shouldDisplayMessage" : true,
      "hasContent" : true
    }, {
      "name" : "When Eligo \"Jugar por temáticas\"",
      "time" : {
        "start" : 1700944225590,
        "stop" : 1700944225590,
        "duration" : 0
      },
      "status" : "skipped",
      "steps" : [ ],
      "attachments" : [ ],
      "parameters" : [ ],
      "stepsCount" : 0,
      "attachmentsCount" : 0,
      "shouldDisplayMessage" : false,
      "hasContent" : false
    }, {
      "name" : "And Hago clic en el boton Continuar",
      "time" : {
        "start" : 1700944225590,
        "stop" : 1700944225590,
        "duration" : 0
      },
      "status" : "skipped",
      "steps" : [ ],
      "attachments" : [ ],
      "parameters" : [ ],
      "stepsCount" : 0,
      "attachmentsCount" : 0,
      "shouldDisplayMessage" : false,
      "hasContent" : false
    }, {
      "name" : "Then Deberia ser redirigido a la proxima pagina",
      "time" : {
        "start" : 1700944225590,
        "stop" : 1700944225590,
        "duration" : 0
      },
      "status" : "skipped",
      "steps" : [ ],
      "attachments" : [ ],
      "parameters" : [ ],
      "stepsCount" : 0,
      "attachmentsCount" : 0,
      "shouldDisplayMessage" : false,
      "hasContent" : false
    }, {
      "name" : "And Deberia ver el label \"Elegir temática:\"",
      "time" : {
        "start" : 1700944225590,
        "stop" : 1700944225590,
        "duration" : 0
      },
      "status" : "skipped",
      "steps" : [ ],
      "attachments" : [ ],
      "parameters" : [ ],
      "stepsCount" : 0,
      "attachmentsCount" : 0,
      "shouldDisplayMessage" : false,
      "hasContent" : false
    }, {
      "name" : "Given Que estoy en la pagina Elegir opcion",
      "time" : {
        "start" : 1700944225590,
        "stop" : 1700944225590,
        "duration" : 0
      },
      "status" : "skipped",
      "steps" : [ ],
      "attachments" : [ ],
      "parameters" : [ ],
      "stepsCount" : 0,
      "attachmentsCount" : 0,
      "shouldDisplayMessage" : false,
      "hasContent" : false
    }, {
      "name" : "When Selecciono la tematica \"Animales\"",
      "time" : {
        "start" : 1700944225590,
        "stop" : 1700944225590,
        "duration" : 0
      },
      "status" : "skipped",
      "steps" : [ ],
      "attachments" : [ ],
      "parameters" : [ ],
      "stepsCount" : 0,
      "attachmentsCount" : 0,
      "shouldDisplayMessage" : false,
      "hasContent" : false
    }, {
      "name" : "And Hago clic en el boton Comenzar Juego",
      "time" : {
        "start" : 1700944225590,
        "stop" : 1700944225590,
        "duration" : 0
      },
      "status" : "skipped",
      "steps" : [ ],
      "attachments" : [ ],
      "parameters" : [ ],
      "stepsCount" : 0,
      "attachmentsCount" : 0,
      "shouldDisplayMessage" : false,
      "hasContent" : false
    }, {
      "name" : "Then Deberia ser redirigido a la proxima pagina de juego",
      "time" : {
        "start" : 1700944225590,
        "stop" : 1700944225590,
        "duration" : 0
      },
      "status" : "skipped",
      "steps" : [ ],
      "attachments" : [ ],
      "parameters" : [ ],
      "stepsCount" : 0,
      "attachmentsCount" : 0,
      "shouldDisplayMessage" : false,
      "hasContent" : false
    }, {
      "name" : "And Deberia ver el label \"Ingresar letra o palabra:\"",
      "time" : {
        "start" : 1700944225590,
        "stop" : 1700944225590,
        "duration" : 0
      },
      "status" : "skipped",
      "steps" : [ ],
      "attachments" : [ ],
      "parameters" : [ ],
      "stepsCount" : 0,
      "attachmentsCount" : 0,
      "shouldDisplayMessage" : false,
      "hasContent" : false
    }, {
      "name" : "Given Que estoy en la pagina Jugar",
      "time" : {
        "start" : 1700944225590,
        "stop" : 1700944225590,
        "duration" : 0
      },
      "status" : "skipped",
      "steps" : [ ],
      "attachments" : [ ],
      "parameters" : [ ],
      "stepsCount" : 0,
      "attachmentsCount" : 0,
      "shouldDisplayMessage" : false,
      "hasContent" : false
    }, {
      "name" : "When Ingreso la letra \"X\"",
      "time" : {
        "start" : 1700944225590,
        "stop" : 1700944225591,
        "duration" : 1
      },
      "status" : "skipped",
      "steps" : [ ],
      "attachments" : [ ],
      "parameters" : [ ],
      "stepsCount" : 0,
      "attachmentsCount" : 0,
      "shouldDisplayMessage" : false,
      "hasContent" : false
    }, {
      "name" : "And Hago clic en el boton Adivinar",
      "time" : {
        "start" : 1700944225591,
        "stop" : 1700944225591,
        "duration" : 0
      },
      "status" : "skipped",
      "steps" : [ ],
      "attachments" : [ ],
      "parameters" : [ ],
      "stepsCount" : 0,
      "attachmentsCount" : 0,
      "shouldDisplayMessage" : false,
      "hasContent" : false
    }, {
      "name" : "Then Deberia ver el mensaje de letra incorrecta",
      "time" : {
        "start" : 1700944225591,
        "stop" : 1700944225591,
        "duration" : 0
      },
      "status" : "skipped",
      "steps" : [ ],
      "attachments" : [ ],
      "parameters" : [ ],
      "stepsCount" : 0,
      "attachmentsCount" : 0,
      "shouldDisplayMessage" : false,
      "hasContent" : false
    }, {
      "name" : "And Deberia ver que las vidas es 6",
      "time" : {
        "start" : 1700944225591,
        "stop" : 1700944225591,
        "duration" : 0
      },
      "status" : "skipped",
      "steps" : [ ],
      "attachments" : [ ],
      "parameters" : [ ],
      "stepsCount" : 0,
      "attachmentsCount" : 0,
      "shouldDisplayMessage" : false,
      "hasContent" : false
    } ],
    "attachments" : [ ],
    "parameters" : [ ],
    "stepsCount" : 15,
    "attachmentsCount" : 0,
    "shouldDisplayMessage" : false,
    "hasContent" : true
  },
  "afterStages" : [ ],
  "labels" : [ {
    "name" : "severity",
    "value" : "normal"
  }, {
    "name" : "feature",
    "value" : "Juego del Ahorcado"
  }, {
    "name" : "framework",
    "value" : "behave"
  }, {
    "name" : "language",
    "value" : "cpython3"
  }, {
    "name" : "resultFormat",
    "value" : "allure2"
  } ],
  "parameters" : [ ],
  "links" : [ ],
  "hidden" : false,
  "retry" : false,
  "extra" : {
    "severity" : "normal",
    "retries" : [ {
      "uid" : "59c70afc9a37347c",
      "status" : "broken",
      "statusDetails" : "selenium.common.exceptions.SessionNotCreatedException: Message: session not created: Chrome failed to start: exited normally.\n  (session not created: DevToolsActivePort file doesn't exist)\n  (The process started from chrome location /usr/bin/google-chrome is no longer running, so ChromeDriver is assuming that Chrome has crashed.)\nStacktrace:\n#0 0x56065f4975e3 <unknown>\n#1 0x56065f15a0b7 <unknown>\n#2 0x56065f190e55 <unknown>\n#3 0x56065f18db81 <unknown>\n#4 0x56065f1d847f <unknown>\n#5 0x56065f1cecc3 <unknown>\n#6 0x56065f19a0e4 <unknown>\n#7 0x56065f19b0ae <unknown>\n#8 0x56065f45dce1 <unknown>\n#9 0x56065f461b7e <unknown>\n#10 0x56065f44b4b5 <unknown>\n#11 0x56065f4627d6 <unknown>\n#12 0x56065f42edbf <unknown>\n#13 0x56065f485748 <unknown>\n#14 0x56065f485917 <unknown>\n#15 0x56065f496773 <unknown>\n#16 0x7f60fae94ac3 <unknown>\n\n",
      "time" : {
        "start" : 1700943254636,
        "stop" : 1700943255301,
        "duration" : 665
      }
    }, {
      "uid" : "dee4bd80b9a03b2f",
      "status" : "broken",
      "statusDetails" : "selenium.common.exceptions.SessionNotCreatedException: Message: session not created: Chrome failed to start: exited normally.\n  (session not created: DevToolsActivePort file doesn't exist)\n  (The process started from chrome location /usr/bin/google-chrome is no longer running, so ChromeDriver is assuming that Chrome has crashed.)\nStacktrace:\n#0 0x55fc5f9fc5e3 <unknown>\n#1 0x55fc5f6bf0b7 <unknown>\n#2 0x55fc5f6f5e55 <unknown>\n#3 0x55fc5f6f2b81 <unknown>\n#4 0x55fc5f73d47f <unknown>\n#5 0x55fc5f733cc3 <unknown>\n#6 0x55fc5f6ff0e4 <unknown>\n#7 0x55fc5f7000ae <unknown>\n#8 0x55fc5f9c2ce1 <unknown>\n#9 0x55fc5f9c6b7e <unknown>\n#10 0x55fc5f9b04b5 <unknown>\n#11 0x55fc5f9c77d6 <unknown>\n#12 0x55fc5f993dbf <unknown>\n#13 0x55fc5f9ea748 <unknown>\n#14 0x55fc5f9ea917 <unknown>\n#15 0x55fc5f9fb773 <unknown>\n#16 0x7f3bfd094ac3 <unknown>\n\n",
      "time" : {
        "start" : 1700942989278,
        "stop" : 1700942989942,
        "duration" : 664
      }
    } ],
    "categories" : [ {
      "name" : "Test defects",
      "matchedStatuses" : [ ],
      "flaky" : false
    } ],
    "history" : {
      "statistic" : {
        "failed" : 0,
        "broken" : 3,
        "skipped" : 0,
        "passed" : 0,
        "unknown" : 0,
        "total" : 3
      },
      "items" : [ {
        "uid" : "4267c8be862e7a82",
        "reportUrl" : "https://PauliLuna.github.io/Ahorcado/3/#testresult/4267c8be862e7a82",
        "status" : "broken",
        "statusDetails" : "selenium.common.exceptions.SessionNotCreatedException: Message: session not created: Chrome failed to start: exited normally.\n  (session not created: DevToolsActivePort file doesn't exist)\n  (The process started from chrome location /usr/bin/google-chrome is no longer running, so ChromeDriver is assuming that Chrome has crashed.)\nStacktrace:\n#0 0x56065f4975e3 <unknown>\n#1 0x56065f15a0b7 <unknown>\n#2 0x56065f190e55 <unknown>\n#3 0x56065f18db81 <unknown>\n#4 0x56065f1d847f <unknown>\n#5 0x56065f1cecc3 <unknown>\n#6 0x56065f19a0e4 <unknown>\n#7 0x56065f19b0ae <unknown>\n#8 0x56065f45dce1 <unknown>\n#9 0x56065f461b7e <unknown>\n#10 0x56065f44b4b5 <unknown>\n#11 0x56065f4627d6 <unknown>\n#12 0x56065f42edbf <unknown>\n#13 0x56065f485748 <unknown>\n#14 0x56065f485917 <unknown>\n#15 0x56065f496773 <unknown>\n#16 0x7f60fae94ac3 <unknown>\n\n",
        "time" : {
          "start" : 1700943254636,
          "stop" : 1700943255301,
          "duration" : 665
        }
      }, {
        "uid" : "dbbf38fdd58f02ac",
        "reportUrl" : "https://PauliLuna.github.io/Ahorcado/2/#testresult/dbbf38fdd58f02ac",
        "status" : "broken",
        "statusDetails" : "selenium.common.exceptions.SessionNotCreatedException: Message: session not created: Chrome failed to start: exited normally.\n  (session not created: DevToolsActivePort file doesn't exist)\n  (The process started from chrome location /usr/bin/google-chrome is no longer running, so ChromeDriver is assuming that Chrome has crashed.)\nStacktrace:\n#0 0x55fc5f9fc5e3 <unknown>\n#1 0x55fc5f6bf0b7 <unknown>\n#2 0x55fc5f6f5e55 <unknown>\n#3 0x55fc5f6f2b81 <unknown>\n#4 0x55fc5f73d47f <unknown>\n#5 0x55fc5f733cc3 <unknown>\n#6 0x55fc5f6ff0e4 <unknown>\n#7 0x55fc5f7000ae <unknown>\n#8 0x55fc5f9c2ce1 <unknown>\n#9 0x55fc5f9c6b7e <unknown>\n#10 0x55fc5f9b04b5 <unknown>\n#11 0x55fc5f9c77d6 <unknown>\n#12 0x55fc5f993dbf <unknown>\n#13 0x55fc5f9ea748 <unknown>\n#14 0x55fc5f9ea917 <unknown>\n#15 0x55fc5f9fb773 <unknown>\n#16 0x7f3bfd094ac3 <unknown>\n\n",
        "time" : {
          "start" : 1700942989278,
          "stop" : 1700942989942,
          "duration" : 664
        }
      } ]
    },
    "tags" : [ ]
  },
  "source" : "ba2293c7b68e27c3.json",
  "parameterValues" : [ ]
}